2014/02/13 16:06:38 [/ec/html/admin/index.php] admiin password incorrect. from ::1
2014/02/13 16:06:46 [/ec/html/admin/index.php] access error. from ::1
2014/02/13 16:06:46 [/ec/html/admin/index.php] login: user=admin(2) auth=0 lastlogin= sid= from ::1
2014/02/13 16:06:46 [/ec/html/admin/home.php] access : user=admin auth=0 sid=3jbbackn30jelqofhks7h82o34 from ::1
2014/02/13 16:07:07 [/ec/html/admin/system/adminarea.php] access : user=admin auth=0 sid=3jbbackn30jelqofhks7h82o34 from ::1
2014/02/13 16:07:16 [/ec/html/admin/ownersstore/plugin_hookpoint_list.php] access : user=admin auth=0 sid=3jbbackn30jelqofhks7h82o34 from ::1
2014/02/13 16:07:23 [/ec/html/admin/total/index.php] access : user=admin auth=0 sid=3jbbackn30jelqofhks7h82o34 from ::1
2014/02/13 16:08:31 [/ec/html/admin/basis/point.php] access : user=admin auth=0 sid=3jbbackn30jelqofhks7h82o34 from ::1
2014/02/13 16:08:40 [/ec/html/admin/products/category.php] access : user=admin auth=0 sid=3jbbackn30jelqofhks7h82o34 from ::1
2014/02/13 16:14:14 [/ec/html/admin/products/category.php] access : user=admin auth=0 sid=3jbbackn30jelqofhks7h82o34 from ::1
2014/02/14 11:23:16 [/ec/html/admin/index.php] access error. from ::1
2014/02/14 11:23:16 [/ec/html/admin/index.php] login: user=admin(2) auth=0 lastlogin=2014-02-13 16:06:46 sid= from ::1
2014/02/14 11:23:16 [/ec/html/admin/home.php] access : user=admin auth=0 sid=29oa36294aep02tas4d6fbmsm4 from ::1
2014/02/14 11:23:22 [/ec/html/admin/products/category.php] access : user=admin auth=0 sid=29oa36294aep02tas4d6fbmsm4 from ::1
2014/02/14 11:23:29 [/ec/html/admin/products/category.php] access : user=admin auth=0 sid=29oa36294aep02tas4d6fbmsm4 from ::1
2014/02/14 11:23:30 [/ec/html/admin/products/category.php] access : user=admin auth=0 sid=29oa36294aep02tas4d6fbmsm4 from ::1
2014/02/14 11:23:32 [/ec/html/admin/products/category.php] access : user=admin auth=0 sid=29oa36294aep02tas4d6fbmsm4 from ::1
2014/02/14 11:23:33 [/ec/html/admin/products/category.php] access : user=admin auth=0 sid=29oa36294aep02tas4d6fbmsm4 from ::1
2014/02/14 11:23:34 [/ec/html/admin/products/category.php] access : user=admin auth=0 sid=29oa36294aep02tas4d6fbmsm4 from ::1
2014/02/14 11:23:36 [/ec/html/admin/products/category.php] access : user=admin auth=0 sid=29oa36294aep02tas4d6fbmsm4 from ::1
2014/02/14 11:23:41 [/ec/html/admin/products/category.php] access : user=admin auth=0 sid=29oa36294aep02tas4d6fbmsm4 from ::1
2014/02/14 11:23:44 [/ec/html/admin/products/category.php] access : user=admin auth=0 sid=29oa36294aep02tas4d6fbmsm4 from ::1
2014/02/14 11:23:51 [/ec/html/admin/products/category.php] access : user=admin auth=0 sid=29oa36294aep02tas4d6fbmsm4 from ::1
2014/02/14 11:23:59 [/ec/html/admin/products/category.php] access : user=admin auth=0 sid=29oa36294aep02tas4d6fbmsm4 from ::1
2014/02/14 11:24:08 [/ec/html/admin/products/category.php] access : user=admin auth=0 sid=29oa36294aep02tas4d6fbmsm4 from ::1
2014/02/14 11:24:11 [/ec/html/admin/products/category.php] access : user=admin auth=0 sid=29oa36294aep02tas4d6fbmsm4 from ::1
2014/02/14 11:24:13 [/ec/html/admin/products/category.php] access : user=admin auth=0 sid=29oa36294aep02tas4d6fbmsm4 from ::1
2014/02/14 11:24:18 [/ec/html/admin/products/category.php] access : user=admin auth=0 sid=29oa36294aep02tas4d6fbmsm4 from ::1
2014/02/14 11:24:20 [/ec/html/admin/products/category.php] access : user=admin auth=0 sid=29oa36294aep02tas4d6fbmsm4 from ::1
2014/02/14 11:24:24 [/ec/html/admin/products/category.php] access : user=admin auth=0 sid=29oa36294aep02tas4d6fbmsm4 from ::1
2014/02/14 11:24:26 [/ec/html/admin/products/category.php] access : user=admin auth=0 sid=29oa36294aep02tas4d6fbmsm4 from ::1
2014/02/14 11:24:47 [/ec/html/admin/products/category.php] access : user=admin auth=0 sid=29oa36294aep02tas4d6fbmsm4 from ::1
2014/02/14 11:24:49 [/ec/html/admin/products/category.php] access : user=admin auth=0 sid=29oa36294aep02tas4d6fbmsm4 from ::1
2014/02/14 11:24:54 [/ec/html/admin/products/category.php] access : user=admin auth=0 sid=29oa36294aep02tas4d6fbmsm4 from ::1
2014/02/14 11:24:57 [/ec/html/admin/products/category.php] access : user=admin auth=0 sid=29oa36294aep02tas4d6fbmsm4 from ::1
2014/02/14 11:25:03 [/ec/html/admin/products/category.php] access : user=admin auth=0 sid=29oa36294aep02tas4d6fbmsm4 from ::1
2014/02/14 11:25:08 [/ec/html/admin/products/category.php] access : user=admin auth=0 sid=29oa36294aep02tas4d6fbmsm4 from ::1
2014/02/14 11:25:16 [/ec/html/admin/products/category.php] access : user=admin auth=0 sid=29oa36294aep02tas4d6fbmsm4 from ::1
2014/02/14 11:25:22 [/ec/html/admin/products/category.php] access : user=admin auth=0 sid=29oa36294aep02tas4d6fbmsm4 from ::1
2014/02/14 11:25:25 [/ec/html/admin/products/category.php] access : user=admin auth=0 sid=29oa36294aep02tas4d6fbmsm4 from ::1
2014/02/14 11:25:26 [/ec/html/admin/products/category.php] access : user=admin auth=0 sid=29oa36294aep02tas4d6fbmsm4 from ::1
2014/02/14 12:33:35 [/ec/html/admin/products/category.php] access : user=admin auth=0 sid=29oa36294aep02tas4d6fbmsm4 from ::1
2014/02/14 12:33:36 [/ec/html/admin/products/category.php] access : user=admin auth=0 sid=29oa36294aep02tas4d6fbmsm4 from ::1
2014/02/14 12:33:42 [/ec/html/admin/products/category.php] access : user=admin auth=0 sid=29oa36294aep02tas4d6fbmsm4 from ::1
2014/02/14 12:33:44 [/ec/html/admin/products/category.php] access : user=admin auth=0 sid=29oa36294aep02tas4d6fbmsm4 from ::1
2014/02/14 12:34:08 [/ec/html/admin/products/product.php] access : user=admin auth=0 sid=29oa36294aep02tas4d6fbmsm4 from ::1
2014/02/14 12:36:14 [/ec/html/admin/products/product.php] access : user=admin auth=0 sid=29oa36294aep02tas4d6fbmsm4 from ::1
2014/02/14 12:36:19 [/ec/html/admin/products/product.php] access : user=admin auth=0 sid=29oa36294aep02tas4d6fbmsm4 from ::1
2014/02/14 12:36:26 [/ec/html/admin/products/product_class.php] access : user=admin auth=0 sid=29oa36294aep02tas4d6fbmsm4 from ::1
2014/02/14 12:36:37 [/ec/html/admin/products/product_class.php] access : user=admin auth=0 sid=29oa36294aep02tas4d6fbmsm4 from ::1
2014/02/14 12:36:55 [/ec/html/admin/products/product_class.php] access : user=admin auth=0 sid=29oa36294aep02tas4d6fbmsm4 from ::1
2014/02/14 12:36:57 [/ec/html/admin/products/product_class.php] access : user=admin auth=0 sid=29oa36294aep02tas4d6fbmsm4 from ::1
2014/02/14 12:37:01 [/ec/html/admin/products/product.php] access : user=admin auth=0 sid=29oa36294aep02tas4d6fbmsm4 from ::1
